{"/home/elivando/development/fullcycle/desafios/fc-desafio-ci-sonar/src/calculator.js": {"path":"/home/elivando/development/fullcycle/desafios/fc-desafio-ci-sonar/src/calculator.js","statementMap":{"0":{"start":{"line":2,"column":4},"end":{"line":5,"column":32}},"1":{"start":{"line":4,"column":18},"end":{"line":4,"column":29}},"2":{"start":{"line":5,"column":26},"end":{"line":5,"column":31}},"3":{"start":{"line":8,"column":0},"end":{"line":8,"column":18}}},"fnMap":{"0":{"name":"add","decl":{"start":{"line":1,"column":9},"end":{"line":1,"column":12}},"loc":{"start":{"line":1,"column":22},"end":{"line":6,"column":1}},"line":1},"1":{"name":"(anonymous_1)","decl":{"start":{"line":4,"column":13},"end":{"line":4,"column":14}},"loc":{"start":{"line":4,"column":18},"end":{"line":4,"column":29}},"line":4},"2":{"name":"(anonymous_2)","decl":{"start":{"line":5,"column":16},"end":{"line":5,"column":17}},"loc":{"start":{"line":5,"column":26},"end":{"line":5,"column":31}},"line":5}},"branchMap":{},"s":{"0":3,"1":8,"2":5,"3":1},"f":{"0":3,"1":8,"2":5},"b":{},"_coverageSchema":"1a1c01bbd47fc00a2c39e90264f33305004495a9","hash":"a054e92315a9516c75e5a1cc26df88896e3bbc4c"}
}
